<?xml version="1.0" encoding="UTF-8"?>
<!-- Generated by org.testng.reporters.JUnitReportReporter -->
<testsuite hostname="NLT-Navin-01" failures="0" tests="3" name="seleniumpractice.TestN" time="0.028" errors="0" timestamp="2022-03-25T15:06:38 EDT" skipped="0">
  <testcase classname="seleniumpractice.TestN" name="writetestcase" time="0.008"/>
  <system-out/>
  <testcase classname="seleniumpractice.TestN" name="executetest" time="0.012"/>
  <system-out/>
  <testcase classname="seleniumpractice.TestN" name="defectlog" time="0.008"/>
  <system-out/>
</testsuite> <!-- seleniumpractice.TestN -->
