<?xml version="1.0" encoding="UTF-8"?>
<!-- Generated by org.testng.reporters.JUnitReportReporter -->
<testsuite hostname="NLT-Navin-01" failures="0" tests="3" name="seleniumpractice.TestNParameterization" time="24.069" errors="0" timestamp="2022-03-22T22:13:34 EDT" skipped="0">
  <testcase classname="seleniumpractice.TestNParameterization" name="Display" time="7.828"/>
  <system-out/>
  <testcase classname="seleniumpractice.TestNParameterization" name="Display" time="8.266"/>
  <system-out/>
  <testcase classname="seleniumpractice.TestNParameterization" name="Display" time="7.975"/>
  <system-out/>
</testsuite> <!-- seleniumpractice.TestNParameterization -->
